step time_fs KE_kcal_mol PE_kcal_mol TE_kcal_mol T_K
0 0.000000 1.7492435688 98.2469319329 99.9961755017 36.677231
1 1.000000 1.7158395446 98.2825456902 99.9983852348 35.976832
2 2.000000 1.9643286272 98.0322703585 99.9965989857 41.187022
3 3.000000 2.4685650017 97.5234346360 99.9919996378 51.759589
4 4.000000 3.1625476380 96.8257244407 99.9882720787 66.310656
5 5.000000 3.9901097008 95.9972804017 99.9873901025 83.662548
6 6.000000 4.9333252272 95.0547105454 99.9880357726 103.439401
7 7.000000 5.9953254081 93.9921177051 99.9874431132 125.706869
8 8.000000 7.1609805379 92.8229866402 99.9839671781 150.147720
9 9.000000 8.3744524694 91.6043783511 99.9788308206 175.591169
10 10.000000 9.5595932118 90.4163223518 99.9759155636 200.440585
11 11.000000 10.6743255421 89.3035939456 99.9779194878 223.813713
12 12.000000 11.7422473221 88.2395080376 99.9817553597 246.205342
13 13.000000 12.8078465865 87.1735225603 99.9813691468 268.548274
14 14.000000 13.8595946423 86.1169789413 99.9765735836 290.600781
15 15.000000 14.8297603115 85.1440593699 99.9738196814 310.942711
16 16.000000 15.6777947087 84.2991216240 99.9769163327 328.723856
17 17.000000 16.4412296220 83.5409121653 99.9821417873 344.731163
18 18.000000 17.1870781981 82.7962578060 99.9833360041 360.369728
19 19.000000 17.9280423278 82.0511597147 99.9792020425 375.905879
20 20.000000 18.6067961188 81.3686535890 99.9754497078 390.137636
21 21.000000 19.1747480645 80.8035971524 99.9783452170 402.046157
22 22.000000 19.6700399049 80.3148333082 99.9848732131 412.431179
23 23.000000 20.1738545810 79.8116762556 99.9855308366 422.994904
24 24.000000 20.6925503380 79.2869251291 99.9794754672 433.870647
25 25.000000 21.1494693687 78.8269434512 99.9764128199 443.451088
26 26.000000 21.5061836406 78.4749700097 99.9811536504 450.930487
27 27.000000 21.8251566022 78.1618903247 99.9870469269 457.618547
28 28.000000 22.1843436280 77.8018128890 99.9861565170 465.149794
29 29.000000 22.5711330851 77.4087465292 99.9798796144 473.259794
30 30.000000 22.9024286657 77.0751955427 99.9776242083 480.206228
31 31.000000 23.1483200517 76.8353128519 99.9836329036 485.361951
32 32.000000 23.3820875736 76.6067716887 99.9888592623 490.263467
33 33.000000 23.6664226755 76.3182883492 99.9847110248 496.225257
34 34.000000 23.9506788652 76.0272583827 99.9779372479 502.185394
35 35.000000 24.1536039148 75.8256884909 99.9792924057 506.440221
36 36.000000 24.2966016148 75.6898207146 99.9864223295 509.438522
37 37.000000 24.4754175387 75.5133449199 99.9887624585 513.187841
38 38.000000 24.7216385010 75.2613812889 99.9830197900 518.350475
39 39.000000 24.9586185318 75.0191200562 99.9777385880 523.319349
40 40.000000 25.1149420332 74.8665330928 99.9814751260 526.597059
41 41.000000 25.2324411937 74.7562143164 99.9886555101 529.060720
42 42.000000 25.3957279886 74.5915557670 99.9872837556 532.484433
43 43.000000 25.5884282941 74.3910435157 99.9794718098 536.524873
44 44.000000 25.7193313090 74.2585702694 99.9779015784 539.269579
45 45.000000 25.7761210213 74.2085139056 99.9846349268 540.460316
46 46.000000 25.8516936437 74.1374808511 99.9891744948 542.044884
47 47.000000 26.0081898579 73.9766637820 99.9848536399 545.326215
48 48.000000 26.1876784327 73.7904104198 99.9780888525 549.089639
49 49.000000 26.2976902033 73.6818198079 99.9795100112 551.396308
50 50.000000 26.3483125572 73.6389125841 99.9872251413 552.457731
51 51.000000 26.4283458387 73.5600314425 99.9883772812 554.135828
52 52.000000 26.5513127837 73.4295169194 99.9808297031 556.714135
53 53.000000 26.6307530932 73.3462652053 99.9770182985 558.379798
54 54.000000 26.6289577572 73.3537057917 99.9826635489 558.342154
55 55.000000 26.6270339341 73.3616089463 99.9886428804 558.301816
56 56.000000 26.7075347626 73.2784492061 99.9859839688 559.989716
57 57.000000 26.8348825528 73.1437103441 99.9785928969 562.659878
58 58.000000 26.9076515961 73.0702267631 99.9778783592 564.185662
59 59.000000 26.9075592365 73.0778058713 99.9853651078 564.183725
60 60.000000 26.9189688905 73.0697620848 99.9887309753 564.422957
61 61.000000 26.9810404298 73.0011280273 99.9821684570 565.724441
62 62.000000 27.0193203709 72.9573229139 99.9766432848 566.527075
63 63.000000 26.9758090048 73.0050252644 99.9808342692 565.614751
64 64.000000 26.9140291033 73.0736887234 99.9877178267 564.319382
65 65.000000 26.9292098028 73.0575801415 99.9867899443 564.637683
66 66.000000 27.0093213260 72.9700205338 99.9793418599 566.317420
67 67.000000 27.0525641117 72.9241516494 99.9767157611 567.224112
68 68.000000 27.0166524449 72.9668006721 99.9834531170 566.471135
69 69.000000 26.9764872182 73.0121626574 99.9886498756 565.628971
70 70.000000 26.9924987888 72.9909912666 99.9834900554 565.964694
71 71.000000 27.0061819762 72.9705236150 99.9767055913 566.251596
72 72.000000 26.9432473244 73.0359874059 99.9792347304 564.932015
73 73.000000 26.8455755459 73.1410005968 99.9865761427 562.884083
74 74.000000 26.8142488452 73.1731009979 99.9873498431 562.227241
75 75.000000 26.8603240361 73.1199574610 99.9802814971 563.193322
76 76.000000 26.8881028367 73.0879144819 99.9760173187 563.775774
77 77.000000 26.8358910354 73.1457232855 99.9816143208 562.681024
78 78.000000 26.7655275662 73.2226499405 99.9881775067 561.205679
79 79.000000 26.7537746334 73.2308662580 99.9846408913 560.959250
80 80.000000 26.7604119588 73.2166278940 99.9770398527 561.098418
81 81.000000 26.6994327275 73.2783933401 99.9778260676 559.819837
82 82.000000 26.5891934890 73.3960363933 99.9852298823 557.508398
83 83.000000 26.5307286486 73.4568756828 99.9876043313 556.282537
84 84.000000 26.5565113018 73.4247544606 99.9812657623 556.823135
85 85.000000 26.5816622540 73.3940153506 99.9756776046 557.350487
86 86.000000 26.5294027570 73.4504689976 99.9798717546 556.254737
87 87.000000 26.4458276307 73.5415124423 99.9873400730 554.502377
88 88.000000 26.4190649258 73.5664734509 99.9855383766 553.941230
89 89.000000 26.4287644406 73.5487914620 99.9775559025 554.144605
90 90.000000 26.3824516734 73.5941581485 99.9766098218 553.173543
91 91.000000 26.2749433022 73.7087777196 99.9837210218 550.919363
92 92.000000 26.2022852004 73.7852584710 99.9875436714 549.395906
93 93.000000 26.2159719075 73.7662383087 99.9822102162 549.682881
94 94.000000 26.2453081610 73.7303184869 99.9756266479 550.297989
95 95.000000 26.2024023413 73.7758602630 99.9782626043 549.398362
96 96.000000 26.1156788216 73.8705312438 99.9862100655 547.579988
97 97.000000 26.0798324346 73.9063481438 99.9861805784 546.828380
98 98.000000 26.0952482352 73.8829809504 99.9782291855 547.151610
99 99.000000 26.0683376762 73.9072866263 99.9756243026 546.587364
100 100.000000 25.9715637045 74.0105573627 99.9821210672 544.558257
101 101.000000 25.8918061114 74.0953914471 99.9871975586 542.885941
102 102.000000 25.8967241385 74.0863532499 99.9830773884 542.989060
103 103.000000 25.9322030061 74.0436233109 99.9758263170 543.732962
104 104.000000 25.9030216684 74.0738084290 99.9768300974 543.121103
105 105.000000 25.8187234376 74.1661372048 99.9848606424 541.353582
106 106.000000 25.7759008090 74.2106703996 99.9865712086 540.455699
107 107.000000 25.7956700138 74.1833636779 99.9790336916 540.870210
108 108.000000 25.7883985798 74.1864999782 99.9748985580 540.717746
109 109.000000 25.7062113199 74.2742821654 99.9804934852 538.994486
110 110.000000 25.6232815287 74.3633129227 99.9865944513 537.255657
111 111.000000 25.6202284134 74.3636074864 99.9838358998 537.191641
112 112.000000 25.6611733775 74.3150676311 99.9762410086 538.050154
113 113.000000 25.6473151808 74.3282926837 99.9756078645 537.759583
114 114.000000 25.5688652365 74.4144863966 99.9833516331 536.114685
115 115.000000 25.5198025826 74.4668983606 99.9867009433 535.085965
116 116.000000 25.5410437941 74.4388814729 99.9799252669 535.531339
117 117.000000 25.5515086570 74.4229343961 99.9744430531 535.750761
118 118.000000 25.4856810413 74.4932082850 99.9788893264 534.370522
119 119.000000 25.4021117852 74.5836444304 99.9857562156 532.618285
120 120.000000 25.3908902955 74.5935612614 99.9844515569 532.382999
121 121.000000 25.4353663111 74.5414631070 99.9768294181 533.315549
122 122.000000 25.4369055447 74.5377132178 99.9746187625 533.347823
123 123.000000 25.3667290921 74.6150072877 99.9817363799 531.876399
124 124.000000 25.3119545542 74.6746022360 99.9865567902 530.727915
125 125.000000 25.3314724313 74.6493757388 99.9808481702 531.137156
126 126.000000 25.3567478964 74.6175060965 99.9742539929 531.667119
127 127.000000 25.3079119878 74.6694408097 99.9773527975 530.643153
128 128.000000 25.2256473150 74.7590569376 99.9847042527 528.918270
129 129.000000 25.2058081074 74.7790828156 99.9848909230 528.502292
130 130.000000 25.2513085214 74.7262369600 99.9775454814 529.456321
131 131.000000 25.2673641397 74.7065122130 99.9738763527 529.792966
132 132.000000 25.2073249512 74.7727424771 99.9800674283 528.534096
133 133.000000 25.1475964674 74.8385351290 99.9861315964 527.281740
134 134.000000 25.1624105013 74.8193324522 99.9817429536 527.592353
135 135.000000 25.1990542949 74.7752628199 99.9743171148 528.360681
136 136.000000 25.1670823259 74.8088422487 99.9759245746 527.690309
137 137.000000 25.0877946889 74.8956694464 99.9834641353 526.027847
138 138.000000 25.0589834392 74.9261421006 99.9851255398 525.423748
139 139.000000 25.1028045694 74.8755363849 99.9783409543 526.342567
140 140.000000 25.1318378283 74.8415479985 99.9733858267 526.951321
141 141.000000 25.0833996312 74.8949984791 99.9783981103 525.935694
142 142.000000 25.0198594115 74.9655695795 99.9854289910 524.603416
143 143.000000 25.0274785785 74.9550733793 99.9825519578 524.763171
144 144.000000 25.0718283157 74.9027814959 99.9746098116 525.693073
145 145.000000 25.0560222299 74.9186202590 99.9746424889 525.361659
146 146.000000 24.9812477295 75.0008197433 99.9820674728 523.793826
147 147.000000 24.9434016211 75.0417329706 99.9851345917 523.000289
148 148.000000 24.9829142689 74.9962536153 99.9791678842 523.828769
149 149.000000 25.0229635502 74.9501811715 99.9731447216 524.668502
150 150.000000 24.9872963252 74.9894855455 99.9767818707 523.920650
151 151.000000 24.9215545519 75.0629105213 99.9844650732 522.542211
152 152.000000 24.9201878102 75.0630352201 99.9832230303 522.513554
153 153.000000 24.9686224767 75.0064801219 99.9751025986 523.529106
154 154.000000 24.9678762275 75.0056647199 99.9735409475 523.513459
155 155.000000 24.8991092701 75.0814426757 99.9805519458 522.071590
156 156.000000 24.8526118530 75.1322942638 99.9849061168 521.096656
157 157.000000 24.8855144058 75.0944662028 99.9799806086 521.786540
158 158.000000 24.9344468016 75.0386969306 99.9731437323 522.812529
159 159.000000 24.9125647824 75.0627059029 99.9752706853 522.353718
160 160.000000 24.8467972083 75.1364708436 99.9832680519 520.974738
161 161.000000 24.8355684826 75.1481434836 99.9837119662 520.739299
162 162.000000 24.8847926668 75.0909677589 99.9757604257 521.771407
163 163.000000 24.8977836909 75.0748661652 99.9726498560 522.043796
164 164.000000 24.8365806263 75.1423795103 99.9789601366 520.760522
165 165.000000 24.7824076966 75.2020292197 99.9844369164 519.624652
166 166.000000 24.8069762425 75.1737607684 99.9807370108 520.139792
167 167.000000 24.8627650554 75.1106024937 99.9733675491 521.309543
168 168.000000 24.8557115338 75.1182015677 99.9739131014 521.161648
169 169.000000 24.7927883373 75.1890879581 99.9818762955 519.842308
170 170.000000 24.7719615295 75.2120220776 99.9839836071 519.405622
171 171.000000 24.8193068118 75.1572370170 99.9765438287 520.398333
172 172.000000 24.8447111065 75.1272822505 99.9719933570 520.930997
173 173.000000 24.7927962123 75.1845411636 99.9773373759 519.842473
174 174.000000 24.7326342148 75.2510968162 99.9837310311 518.581027
175 175.000000 24.7479338631 75.2334647462 99.9813986093 518.901822
176 176.000000 24.8089155872 75.1648797957 99.9737953829 520.180455
177 177.000000 24.8179511113 75.1548008377 99.9727519490 520.369908
178 178.000000 24.7615579622 75.2187767523 99.9803347145 519.187485
179 179.000000 24.7327225981 75.2512884512 99.9840110493 518.582880
180 180.000000 24.7764022798 75.2010072880 99.9774095678 519.498733
181 181.000000 24.8130673227 75.1585212226 99.9715885452 520.267507
182 182.000000 24.7723764443 75.2033522538 99.9757286981 519.414322
183 183.000000 24.7086362014 75.2741602153 99.9827964167 518.077849
184 184.000000 24.7145906716 75.2673380812 99.9819287528 518.202700
185 185.000000 24.7795744261 75.1948260607 99.9744004868 519.565245
186 186.000000 24.8062336921 75.1655876964 99.9718213885 520.124223
187 187.000000 24.7608519555 75.2178370218 99.9786889774 519.172682
188 188.000000 24.7269255119 75.2568463378 99.9837718497 518.461330
189 189.000000 24.7660794864 75.2122304570 99.9783099434 519.282290
190 190.000000 24.8129868766 75.1584574849 99.9714443615 520.265820
191 191.000000 24.7854843447 75.1886909848 99.9741753295 519.689161
192 192.000000 24.7210307624 75.2606088179 99.9816395802 518.337732
193 193.000000 24.7181269181 75.2641609828 99.9822879008 518.276846
194 194.000000 24.7860771044 75.1890702893 99.9751473937 519.701590
195 195.000000 24.8317766343 75.1393659177 99.9711425520 520.659794
196 196.000000 24.8021925248 75.1747845254 99.9769770502 520.039490
197 197.000000 24.7669007175 75.2163392063 99.9832399238 519.299509
198 198.000000 24.8010766637 75.1781128799 99.9791895436 520.016093
199 199.000000 24.8567410547 75.1148202282 99.9715612829 521.183235
200 200.000000 24.8436745244 75.1290383488 99.9727128732 520.909263
201 201.000000 24.7809344725 75.1993256274 99.9802601000 519.593762
202 202.000000 24.7691679635 75.2132584410 99.9824264044 519.347048
203 203.000000 24.8379647012 75.1380214498 99.9759861510 520.789542
204 204.000000 24.9025695540 75.0681487387 99.9707182927 522.144143
205 205.000000 24.8922867538 75.0829342987 99.9752210525 521.928539
206 206.000000 24.8585278280 75.1238480840 99.9823759119 521.220699
207 207.000000 24.8860581589 75.0939224231 99.9799805819 521.797941
208 208.000000 24.9468847498 75.0250503321 99.9719350819 523.073321
209 209.000000 24.9470905191 75.0242890404 99.9713795595 523.077636
210 210.000000 24.8862481391 75.0924083474 99.9786564865 521.801924
211 211.000000 24.8630593725 75.1192257600 99.9822851325 521.315714
212 212.000000 24.9270294771 75.0498219965 99.9768514736 522.657006
213 213.000000 25.0059749821 74.9645627989 99.9705377810 524.312294
214 214.000000 25.0141429987 74.9592959166 99.9734389153 524.483557
215 215.000000 24.9810732899 75.0000651316 99.9811384215 523.790169
216 216.000000 24.9965160821 74.9840950707 99.9806111527 524.113965
217 217.000000 25.0545769970 74.9179971914 99.9725741884 525.331356
218 218.000000 25.0625832315 74.9076685042 99.9702517358 525.499227
219 219.000000 24.9999971911 74.9768738818 99.9768710729 524.186955
220 220.000000 24.9587787921 75.0230558551 99.9818346472 523.322709
221 221.000000 25.0069296792 74.9707643970 99.9776940762 524.332312
222 222.000000 25.0890348198 74.8815837997 99.9706186196 526.053850
223 223.000000 25.1082768789 74.8634375224 99.9717144014 526.457307
224 224.000000 25.0700157617 74.9095436356 99.9795593972 525.655068
225 225.000000 25.0641989628 74.9168480869 99.9810470497 525.533105
226 226.000000 25.1083652208 74.8651537539 99.9735189746 526.459160
227 227.000000 25.1163960245 74.8530875579 99.9694835824 526.627545
228 228.000000 25.0476708394 74.9273864253 99.9750572646 525.186551
229 229.000000 24.9819394182 74.9992022846 99.9811417029 523.808329
230 230.000000 25.0027307349 74.9757967944 99.9785275293 524.244271
231 231.000000 25.0749912023 74.8960574003 99.9710486027 525.759391
232 232.000000 25.0963878263 74.8738751828 99.9702630091 526.208024
233 233.000000 25.0481634342 74.9296520389 99.9778154731 525.196880
234 234.000000 25.0159354416 74.9653602638 99.9812957054 524.521140
235 235.000000 25.0403456881 74.9344141315 99.9747598196 525.032961
236 236.000000 25.0466698734 74.9225345594 99.9692044329 525.165564
237 237.000000 24.9753077734 74.9980928621 99.9734006355 523.669280
238 238.000000 24.8884235254 75.0918774750 99.9803010004 521.847536
239 239.000000 24.8804170130 75.0989251198 99.9793421328 521.679660
240 240.000000 24.9386036818 75.0332537008 99.9718573826 522.899688
241 241.000000 24.9613231871 75.0079471425 99.9692703297 523.376059
242 242.000000 24.9079722046 75.0681140889 99.9760862935 522.257423
243 243.000000 24.8556095829 75.1256854384 99.9812950214 521.159511
244 244.000000 24.8652463233 75.1108539377 99.9761002610 521.361569
245 245.000000 24.8771428064 75.0921952751 99.9693380815 521.611008
246 246.000000 24.8154714435 75.1564662189 99.9719376624 520.317915
247 247.000000 24.7209660134 75.2583260492 99.9792920626 518.336374
248 248.000000 24.6933956683 75.2866004683 99.9799961366 517.758294
249 249.000000 24.7424743616 75.2304125938 99.9728869554 518.787350
250 250.000000 24.7726906078 75.1960172091 99.9687078168 519.420909
251 251.000000 24.7249328751 75.2494820554 99.9744149305 518.419549
252 252.000000 24.6639632341 75.3169817962 99.9809450304 517.141170
253 253.000000 24.6668744492 75.3104305699 99.9773050191 517.202211
254 254.000000 24.6915062254 75.2782204253 99.9697266507 517.718677
255 255.000000 24.6502600555 75.3203754943 99.9706355498 516.853849
256 256.000000 24.5608590233 75.4172190461 99.9780780694 514.979334
257 257.000000 24.5232109604 75.4571518593 99.9803628197 514.189949
258 258.000000 24.5680418170 75.4059181194 99.9739599364 515.129939
259 259.000000 24.6102318577 75.3582398915 99.9684717492 516.014558
260 260.000000 24.5757099214 75.3971036218 99.9728135433 515.290720
261 261.000000 24.5139710636 75.4662721872 99.9802432508 513.996212
262 262.000000 24.5135388547 75.4647452732 99.9782841279 513.987149
263 263.000000 24.5517198510 75.4185814161 99.9703012671 514.787709
264 264.000000 24.5344326639 75.4350812246 99.9695138885 514.425240
265 265.000000 24.4565062502 75.5201923691 99.9766986193 512.791319
266 266.000000 24.4133967965 75.5670261162 99.9804229127 511.887423
267 267.000000 24.4546771102 75.5203168110 99.9749939213 512.752967
268 268.000000 24.5087952277 75.4597084336 99.9685036612 513.887688
269 269.000000 24.4902166547 75.4811040929 99.9713207477 513.498142
270 270.000000 24.4309700191 75.5482804165 99.9792504356 512.255889
271 271.000000 24.4263715048 75.5526573840 99.9790288889 512.159470
272 272.000000 24.4742758043 75.4967647780 99.9710405823 513.163902
273 273.000000 24.4794247781 75.4891869769 99.9686117550 513.271863
274 274.000000 24.4148665298 75.5603518649 99.9752183947 511.918239
275 275.000000 24.3675831687 75.6126156616 99.9801988303 510.926826
276 276.000000 24.4033654361 75.5725863185 99.9759517547 511.677090
277 277.000000 24.4666340043 75.5021371183 99.9687711226 513.003673
278 278.000000 24.4639129140 75.5060652365 99.9699781505 512.946619
279 279.000000 24.4083238294 75.5697029624 99.9780267919 511.781055
280 280.000000 24.3973856954 75.5821455369 99.9795312323 511.551710
281 281.000000 24.4496696404 75.5222448676 99.9719145080 512.647973
282 282.000000 24.4737303710 75.4942239185 99.9679542895 513.152466
283 283.000000 24.4226558702 75.5510368036 99.9736926738 512.081562
284 284.000000 24.3714307611 75.6082803102 99.9797110712 511.007501
285 285.000000 24.3990688733 75.5777314397 99.9768003130 511.587002
286 286.000000 24.4677517739 75.5014908188 99.9692425927 513.027110
287 287.000000 24.4797036139 75.4891161748 99.9688197886 513.277710
288 288.000000 24.4284991024 75.5481239628 99.9766230653 512.204080
289 289.000000 24.4093713961 75.5704007903 99.9797721863 511.803020
290 290.000000 24.4608391821 75.5120375349 99.9728767170 512.882170
291 291.000000 24.4998195883 75.4677322094 99.9675517976 513.699491
292 292.000000 24.4618985406 75.5102697479 99.9721682885 512.904382
293 293.000000 24.4070551878 75.5719204438 99.9789756317 511.754455
294 294.000000 24.4241954806 75.5533081642 99.9775036448 512.113844
295 295.000000 24.4944487213 75.4754322509 99.9698809722 513.586877
296 296.000000 24.5194898393 75.4483821899 99.9678720292 514.111927
297 297.000000 24.4735377064 75.5015503876 99.9750880940 513.148426
298 298.000000 24.4452646016 75.5344670735 99.9797316751 512.555610
299 299.000000 24.4914628806 75.4824081089 99.9738709895 513.524272
300 300.000000 24.5414231475 75.4259805138 99.9674036613 514.571813
301 301.000000 24.5162895382 75.4543994183 99.9706889565 514.044824
302 302.000000 24.4586139185 75.5193959819 99.9780099004 512.835512
303 303.000000 24.4635711185 75.5144549858 99.9780261042 512.939452
304 304.000000 24.5317828491 75.4388606421 99.9706434912 514.369680
305 305.000000 24.5681424781 75.3990109018 99.9671533799 515.132050
306 306.000000 24.5285265324 75.4449464885 99.9734730209 514.301403
307 307.000000 24.4911282351 75.4882683723 99.9793966074 513.517255
308 308.000000 24.5285109897 75.4463259023 99.9748368920 514.301077
309 309.000000 24.5857000252 75.3817997405 99.9674997658 515.500187
310 310.000000 24.5729946967 75.3963024211 99.9692971178 515.233789
311 311.000000 24.5137731863 75.4630634382 99.9768366245 513.992063
312 312.000000 24.5056440153 75.4726920329 99.9783360482 513.821615
313 313.000000 24.5685827913 75.4029004080 99.9714831992 515.141282
314 314.000000 24.6143558521 75.3523178820 99.9666737341 516.101028
315 315.000000 24.5822839026 75.3895477618 99.9718316644 515.428560
316 316.000000 24.5366676393 75.4420975664 99.9787652057 514.472102
317 317.000000 24.5626255542 75.4130884697 99.9757140239 515.016374
318 318.000000 24.6235153572 75.3443054769 99.9678208341 516.293080
319 319.000000 24.6228178917 75.3452156506 99.9680335423 516.278456
320 320.000000 24.5637493277 75.4117363230 99.9754856506 515.039937
321 321.000000 24.5424176669 75.4359910040 99.9784086709 514.592665
322 322.000000 24.5973124297 75.3750386300 99.9723510597 515.743670
323 323.000000 24.6504747525 75.3159592088 99.9664339613 516.858350
324 324.000000 24.6271448137 75.3430743091 99.9702191228 516.369180
325 325.000000 24.5749558443 75.4028931022 99.9778489465 515.274909
326 326.000000 24.5878009047 75.3886447112 99.9764456158 515.544238
327 327.000000 24.6491063701 75.3192324969 99.9683388670 516.829659
328 328.000000 24.6598457609 75.3070903063 99.9669360672 517.054837
329 329.000000 24.6029036457 75.3710906306 99.9739942764 515.860904
330 330.000000 24.5689894553 75.4092385229 99.9782279783 515.149809
331 331.000000 24.6135763863 75.3596218172 99.9731982034 516.084684
332 332.000000 24.6719962074 75.2944298279 99.9664260353 517.309601
333 333.000000 24.6584602831 75.3102294018 99.9686896849 517.025787
334 334.000000 24.6019061961 75.3747667323 99.9766729285 515.839990
335 335.000000 24.6008310893 75.3761505788 99.9769816681 515.817448
336 336.000000 24.6595344934 75.3094834627 99.9690179561 517.048310
337 337.000000 24.6809072903 75.2851306895 99.9660379798 517.496444
338 338.000000 24.6281811298 75.3442255047 99.9724066345 516.390909
339 339.000000 24.5829520710 75.3948358720 99.9777879430 515.442570
340 340.000000 24.6154976938 75.3584802905 99.9739779843 516.124969
341 341.000000 24.6769519918 75.2896815371 99.9666335289 517.413511
342 342.000000 24.6739920572 75.2933023934 99.9672944506 517.351449
343 343.000000 24.6156539576 75.3596210360 99.9752749935 516.128246
344 344.000000 24.6006699270 75.3766115863 99.9772815134 515.814069
345 345.000000 24.6540524807 75.3157629284 99.9698154091 516.933366
346 346.000000 24.6849604834 75.2804057371 99.9653662204 517.581429
347 347.000000 24.6384929098 75.3322793894 99.9707722993 516.607121
348 348.000000 24.5837506306 75.3933422483 99.9770928789 515.459313
349 349.000000 24.6030566077 75.3715910292 99.9746476369 515.864111
350 350.000000 24.6652564233 75.3017758887 99.9670323120 517.168285
351 351.000000 24.6732822664 75.2927966146 99.9660788811 517.336566
352 352.000000 24.6159243046 75.3577795179 99.9737038226 516.133914
353 353.000000 24.5877809651 75.3895347277 99.9773156928 515.543819
354 354.000000 24.6334616576 75.3372214653 99.9706831230 516.501628
355 355.000000 24.6724772340 75.2924623308 99.9649395648 517.319687
356 356.000000 24.6341106555 75.3350336406 99.9691442962 516.515236
357 357.000000 24.5720627991 75.4040943494 99.9761571485 515.214249
358 358.000000 24.5774579762 75.3977115319 99.9751695081 515.327372
359 359.000000 24.6380860946 75.3295053065 99.9675914011 516.598591
360 360.000000 24.6570629115 75.3080175963 99.9650805079 516.996487
361 361.000000 24.6034514862 75.3685647879 99.9720162741 515.872391
362 362.000000 24.5635435214 75.4135236156 99.9770671369 515.035621
363 363.000000 24.5995249477 75.3720442686 99.9715692163 515.790061
364 364.000000 24.6448893874 75.3198776178 99.9647670051 516.741239
365 365.000000 24.6161335299 75.3514432124 99.9675767423 516.138301
366 366.000000 24.5492611627 75.4257432185 99.9750043812 514.736156
367 367.000000 24.5405854189 75.4349265325 99.9755119514 514.554248
368 368.000000 24.5973479571 75.3709260358 99.9682739929 515.744415
369 369.000000 24.6267586827 75.3375683536 99.9643270363 516.361084
370 370.000000 24.5795008817 75.3907733963 99.9702742780 515.370207
371 371.000000 24.5297663827 75.4467653256 99.9765317082 514.327400
372 372.000000 24.5544856912 75.4179342545 99.9724199457 514.845701
373 373.000000 24.6041424462 75.3607041102 99.9648465564 515.886878
374 374.000000 24.5860708314 75.3800515207 99.9661223521 515.507962
375 375.000000 24.5169985766 75.4566678023 99.9736663789 514.059691
376 376.000000 24.4945809296 75.4810690636 99.9756499932 513.589650
377 377.000000 24.5452716514 75.4237670667 99.9690387181 514.652506
378 378.000000 24.5841152524 75.3797197768 99.9638350293 515.466959
379 379.000000 24.5455231718 75.4230184116 99.9685415835 514.657780
380 380.000000 24.4883372666 75.4873809072 99.9757181738 513.458736
381 381.000000 24.5007184803 75.4724634123 99.9731818926 513.718339
382 382.000000 24.5523794432 75.4127852225 99.9651646657 514.801539
383 383.000000 24.5455593754 75.4192706349 99.9648300103 514.658539
384 384.000000 24.4769331211 75.4952487238 99.9721818450 513.219619
385 385.000000 24.4415645253 75.5340013304 99.9755658556 512.478029
386 386.000000 24.4841382723 75.4857028408 99.9698411131 513.370693
387 387.000000 24.5309617822 75.4326474908 99.9636092729 514.352464
388 388.000000 24.5029464079 75.4639341999 99.9668806078 513.765053
389 389.000000 24.4410128167 75.5336348424 99.9746476592 512.466461
390 390.000000 24.4405155573 75.5332887786 99.9738043359 512.456035
391 391.000000 24.4917555667 75.4739407521 99.9656963188 513.530409
392 392.000000 24.4962133573 75.4675292014 99.9637425587 513.623877
393 393.000000 24.4305887331 75.5400062799 99.9705950130 512.247894
394 394.000000 24.3834888488 75.5917605160 99.9752493648 511.260328
395 395.000000 24.4161389935 75.5544962627 99.9706352561 511.944920
396 396.000000 24.4690985211 75.4945443124 99.9636428335 513.055348
397 397.000000 24.4530943901 75.5122551796 99.9653495697 512.719781
398 398.000000 24.3893369709 75.5840156464 99.9733526174 511.382949
399 399.000000 24.3759963145 75.5982453502 99.9742416646 511.103229
400 400.000000 24.4243690997 75.5420367528 99.9664058525 512.117484
401 401.000000 24.4395901297 75.5233047714 99.9628949011 512.436631
402 402.000000 24.3793340246 75.5896201862 99.9689542108 511.173212
403 403.000000 24.3221109367 75.6525872980 99.9746982347 509.973388
404 404.000000 24.3433451668 75.6280303094 99.9713754762 510.418617
405 405.000000 24.4002893215 75.5636284181 99.9639177396 511.612592
406 406.000000 24.3972089690 75.5667910673 99.9640000364 511.548005
407 407.000000 24.3346647956 75.6372105510 99.9718753466 510.236611
408 408.000000 24.3091171570 75.6653384928 99.9744556498 509.700941
409 409.000000 24.3522845000 75.6149639105 99.9672484105 510.606052
410 410.000000 24.3772458098 75.5850666902 99.9623125000 511.129428
411 411.000000 24.3244524907 75.6428578899 99.9673103806 510.022485
412 412.000000 24.2590543733 75.7148638258 99.9739181992 508.651251
413 413.000000 24.2677628320 75.7042551953 99.9720180273 508.833845
414 414.000000 24.3263303298 75.6380758452 99.9644061750 510.061858
415 415.000000 24.3365448391 75.6263301305 99.9628749696 510.276031
416 416.000000 24.2782589598 75.6920071512 99.9702661110 509.053923
417 417.000000 24.2417485622 75.7326688243 99.9744173865 508.288392
418 418.000000 24.2776126956 75.6905592248 99.9681719205 509.040372
419 419.000000 24.3108432149 75.6511671046 99.9620103195 509.737133
420 420.000000 24.2672651737 75.6984504104 99.9657155841 508.823411
421 421.000000 24.1959224149 75.7770005502 99.9729229651 507.327533
422 422.000000 24.1914314468 75.7810911726 99.9725226194 507.233369
423 423.000000 24.2491522215 75.7159198088 99.9650720303 508.443628
424 424.000000 24.2724899809 75.6895173344 99.9620073153 508.932962
425 425.000000 24.2214084617 75.7471724861 99.9685809478 507.861911
426 426.000000 24.1757667495 75.7983419857 99.9741087352 506.904919
427 427.000000 24.2025927696 75.7665266463 99.9691194159 507.467393
428 428.000000 24.2422519824 75.7197402673 99.9619922497 508.298947
429 429.000000 24.2092424233 75.7549791275 99.9642215508 507.606820
430 430.000000 24.1343968203 75.8373371741 99.9717339943 506.037496
431 431.000000 24.1164996006 75.8563541204 99.9728537210 505.662237
432 432.000000 24.1708848197 75.7949878195 99.9658726392 506.802558
433 433.000000 24.2066339253 75.7547852125 99.9614191378 507.552126
434 434.000000 24.1654847895 75.8013944993 99.9668792888 506.689333
435 435.000000 24.1130697336 75.8604534166 99.9735231502 505.590321
436 436.000000 24.1295790700 75.8404524153 99.9700314854 505.936480
437 437.000000 24.1735380926 75.7887129131 99.9622510056 506.858190
438 438.000000 24.1519962478 75.8108821206 99.9628783684 506.406512
439 439.000000 24.0762101957 75.8941699963 99.9703801919 504.817469
440 440.000000 24.0451625671 75.9278190381 99.9729816051 504.166479
441 441.000000 24.0937641831 75.8729963428 99.9667605259 505.185532
442 442.000000 24.1406553705 75.8204658904 99.9611212609 506.168722
443 443.000000 24.1117967661 75.8534248251 99.9652215912 505.563630
444 444.000000 24.0553705028 75.9172954078 99.9726659107 504.380513
445 445.000000 24.0607791398 75.9100694913 99.9708486311 504.493919
446 446.000000 24.1066803635 75.8560880614 99.9627684248 505.456352
447 447.000000 24.0969842089 75.8647492410 99.9617334499 505.253048
448 448.000000 24.0228195037 75.9460782194 99.9688977231 503.698001
449 449.000000 23.9792890863 75.9935941843 99.9728832706 502.785278
450 450.000000 24.0197092702 75.9479757828 99.9676850530 503.632787
451 451.000000 24.0758520505 75.8852613035 99.9611133540 504.809960
452 452.000000 24.0610595798 75.9026077253 99.9636673051 504.499799
453 453.000000 24.0035775468 75.9679765373 99.9715540841 503.294546
454 454.000000 23.9975513770 75.9739620878 99.9715134648 503.168192
455 455.000000 24.0428229585 75.9206930314 99.9635159900 504.117423
456 456.000000 24.0447353744 75.9160955170 99.9608308915 504.157522
457 457.000000 23.9745977322 75.9927326662 99.9673303984 502.686912
458 458.000000 23.9195688561 76.0529748503 99.9725437064 501.533095
459 459.000000 23.9494202009 76.0191739029 99.9685941038 502.159003
460 460.000000 24.0121850193 75.9491994518 99.9613844711 503.475023
461 461.000000 24.0123670391 75.9499066680 99.9622737071 503.478839
462 462.000000 23.9566711292 76.0135459926 99.9702171218 502.311036
463 463.000000 23.9391980735 76.0327750540 99.9719731276 501.944670
464 464.000000 23.9810314867 75.9834238165 99.9644553032 502.821812
465 465.000000 23.9935981447 75.9666129095 99.9602110542 503.085303
466 466.000000 23.9295803975 76.0361507248 99.9657311223 501.743012
467 467.000000 23.8642686812 76.1076896907 99.9719583719 500.373590
468 468.000000 23.8811556469 76.0882806844 99.9694363313 500.727667
469 469.000000 23.9470752759 76.0148388323 99.9619141082 502.109835
470 470.000000 23.9619858202 75.9991102581 99.9610960783 502.422472
471 471.000000 23.9104752112 76.0582242217 99.9686994330 501.342424
472 472.000000 23.8817418658 76.0904411315 99.9721829973 500.739958
473 473.000000 23.9171331896 76.0484049052 99.9655380948 501.482025
474 474.000000 23.9386759953 76.0212331882 99.9599091835 501.933724
475 475.000000 23.8825116081 76.0816522926 99.9641639006 500.756098
476 476.000000 23.8084312701 76.1627060516 99.9711373217 499.202820
477 477.000000 23.8101405081 76.1600239057 99.9701644138 499.238658
478 478.000000 23.8750479258 76.0876254017 99.9626733275 500.599603
479 479.000000 23.9032179971 76.0569702295 99.9601882266 501.190259
480 480.000000 23.8577092265 76.1093555903 99.9670648169 500.236054
481 481.000000 23.8181908148 76.1539216015 99.9721124163 499.407453
482 482.000000 23.8442523614 76.1224526908 99.9667050522 499.953898
483 483.000000 23.8726405867 76.0873093854 99.9599499721 500.549127
484 484.000000 23.8259168110 76.1367859627 99.9627027738 499.569448
485 485.000000 23.7452533610 76.2248551469 99.9701085079 497.878138
486 486.000000 23.7303538090 76.2403840404 99.9707378494 497.565732
487 487.000000 23.7900117237 76.1736119770 99.9636237007 498.816608
488 488.000000 23.8291664864 76.1304321438 99.9595986301 499.637585
489 489.000000 23.7911621527 76.1742351323 99.9653972850 498.840730
490 490.000000 23.7420716600 76.2296784528 99.9717501127 497.811426
491 491.000000 23.7567016730 76.2111816057 99.9678832787 498.118181
492 492.000000 23.7899232699 76.1704120660 99.9603353359 498.814754
493 493.000000 23.7544792028 76.2069425751 99.9614217780 498.071581
494 494.000000 23.6706085881 76.2983058898 99.9689144778 496.313025
495 495.000000 23.6392843676 76.3318375163 99.9711218840 495.656235
496 496.000000 23.6903685708 76.2743432845 99.9647118553 496.727343
497 497.000000 23.7382186039 76.2211384430 99.9593570469 497.730637
498 498.000000 23.7094061194 76.2543833307 99.9637894500 497.126512
499 499.000000 23.6531841844 76.3179202939 99.9711044782 495.947680
500 500.000000 23.6556796770 76.3133067462 99.9689864232 496.000004
501 501.000000 23.6922666580 76.2687649679 99.9610316259 496.767141
502 502.000000 23.6702632818 76.2901145195 99.9603778013 496.305785
503 503.000000 23.5877753267 76.3798266117 99.9676019383 494.576221
504 504.000000 23.5421451953 76.4291389450 99.9712841403 493.619472
505 505.000000 23.5828293532 76.3830359113 99.9658652644 494.472516
506 506.000000 23.6375541450 76.3219045366 99.9594586816 495.619957
507 507.000000 23.6198966331 76.3424246302 99.9623212633 495.249724
508 508.000000 23.5600711704 76.4101278782 99.9701990486 493.995334
509 509.000000 23.5510180087 76.4189070588 99.9699250675 493.805512
510 510.000000 23.5897906982 76.3721809692 99.9619716675 494.618478
511 511.000000 23.5830476138 76.3765533749 99.9596009887 494.477092
512 512.000000 23.5068637115 76.4593507359 99.9662144474 492.879708
513 513.000000 23.4502873752 76.5209096959 99.9711970710 491.693445
514 514.000000 23.4798875170 76.4871125392 99.9670000562 492.314085
515 515.000000 23.5398601185 76.4200032164 99.9598633349 493.571559
516 516.000000 23.5350236954 76.4260229745 99.9610466699 493.470152
517 517.000000 23.4753630718 76.4937055936 99.9690686654 492.219219
518 518.000000 23.4558610318 76.5147631576 99.9706241894 491.810310
519 519.000000 23.4952332851 76.4678397376 99.9630730226 492.635847
520 520.000000 23.5042987893 76.4548009399 99.9590997293 492.825928
521 521.000000 23.4384797497 76.5263135707 99.9647933204 491.445869
522 522.000000 23.3744290135 76.5964164633 99.9708454768 490.102886
523 523.000000 23.3925971297 76.5754398774 99.9680370071 490.483826
524 524.000000 23.4558108226 76.5046996804 99.9605105030 491.809257
525 525.000000 23.4645024499 76.4954931383 99.9599955882 491.991499
526 526.000000 23.4081985242 76.5595581148 99.9677566389 490.810948
527 527.000000 23.3792095927 76.5918230983 99.9710326910 490.203123
528 528.000000 23.4168193175 76.5474348157 99.9642541332 490.991704
529 529.000000 23.4405744672 76.5182947516 99.9588692188 491.489790
530 530.000000 23.3877013120 76.5756782575 99.9633795695 490.381173
531 531.000000 23.3190939466 76.6511354737 99.9702294203 488.942649
532 532.000000 23.3253603619 76.6435508200 99.9689111819 489.074040
533 533.000000 23.3892073255 76.5721268952 99.9613342207 490.412750
534 534.000000 23.4109803983 76.5482013234 99.9591817217 490.869276
535 535.000000 23.3603898943 76.6059213536 99.9663112479 489.808521
536 536.000000 23.3226520680 76.6484691638 99.9711212318 489.017254
537 537.000000 23.3555868384 76.6098522573 99.9654390957 489.707813
538 538.000000 23.3915289260 76.5673665766 99.9588955026 490.461428
539 539.000000 23.3527980765 76.6092153562 99.9620134327 489.649340
540 540.000000 23.2819762483 76.6873855093 99.9693617577 488.164384
541 541.000000 23.2758104447 76.6937622682 99.9695727129 488.035103
542 542.000000 23.3372895617 76.6249805288 99.9622700904 489.324165
543 543.000000 23.3707717920 76.5878369059 99.9586086979 490.026203
544 544.000000 23.3275806448 76.6372029106 99.9647835554 489.120594
545 545.000000 23.2818793338 76.6889983784 99.9708777122 488.162352
546 546.000000 23.3071918153 76.6593659127 99.9665577280 488.693091
547 547.000000 23.3520060431 76.6071511303 99.9591571734 489.632733
548 548.000000 23.3276336166 76.6331005215 99.9607341381 489.121704
549 549.000000 23.2566333634 76.7116326166 99.9682659800 487.633008
550 550.000000 23.2377320506 76.7322534211 99.9699854717 487.236695
551 551.000000 23.2938140026 76.6694439822 99.9632579849 488.412592
552 552.000000 23.3370544761 76.6212194148 99.9582738909 489.319236
553 553.000000 23.3025269806 76.6607003350 99.9632273156 488.595282
554 554.000000 23.2499813261 76.7203246422 99.9703059683 487.493532
555 555.000000 23.2651566314 76.7023902114 99.9675468428 487.811719
556 556.000000 23.3152307305 76.6443964278 99.9596271583 488.861647
557 557.000000 23.3048186046 76.6547619457 99.9595805503 488.643331
558 558.000000 23.2356109624 76.7313650594 99.9669760218 487.192221
559 559.000000 23.2041493166 76.7659776323 99.9701269489 486.532550
560 560.000000 23.2520862367 76.7121574510 99.9642436877 487.537666
561 561.000000 23.3028315683 76.6553389569 99.9581705253 488.601668
562 562.000000 23.2779619434 76.6837371200 99.9616990634 488.080215
563 563.000000 23.2201633434 76.7492629158 99.9694262592 486.868324
564 564.000000 23.2234052554 76.7449474836 99.9683527390 486.936298
565 565.000000 23.2751720277 76.6851022325 99.9602742602 488.021717
566 566.000000 23.2779212670 76.6806698798 99.9585911467 488.079362
567 567.000000 23.2125114961 76.7530247044 99.9655362005 486.707884
568 568.000000 23.1692623554 76.8007261631 99.9699885185 485.801058
569 569.000000 23.2067768819 76.7584030163 99.9651798982 486.587643
570 570.000000 23.2626364778 76.6956517496 99.9582882274 487.758878
571 571.000000 23.2481796053 76.7120771218 99.9602567271 487.455754
572 572.000000 23.1871742997 76.7811006159 99.9682749156 486.176626
573 573.000000 23.1775186035 76.7914146410 99.9689332445 485.974171
574 574.000000 23.2276474932 76.7334162750 99.9610637681 487.025247
575 575.000000 23.2424412086 76.7153611711 99.9578023797 487.335434
576 576.000000 23.1828393910 76.7811604095 99.9639998005 486.085734
577 577.000000 23.1291694633 76.8404053979 99.9695748612 484.960411
578 578.000000 23.1545392946 76.8114870345 99.9660263291 485.492353
579 579.000000 23.2130689635 76.7455434019 99.9586123654 486.719572
580 580.000000 23.2094928434 76.7494637560 99.9589565994 486.644590
581 581.000000 23.1476591477 76.8192430147 99.9669021624 485.348093
582 582.000000 23.1249673167 76.8442912472 99.9692585639 484.872303
583 583.000000 23.1704619801 76.7914952753 99.9619572554 485.826211
584 584.000000 23.1958766805 76.7613690359 99.9572457164 486.359093
585 585.000000 23.1439918023 76.8184343929 99.9624261951 485.271198
586 586.000000 23.0817767641 76.8871255703 99.9689023344 483.966706
587 587.000000 23.0938524212 76.8728966446 99.9667490658 484.219902
588 588.000000 23.1525977677 76.8065250944 99.9591228621 485.451644
589 589.000000 23.1600078459 76.7978416329 99.9578494788 485.607014
590 590.000000 23.0998830048 76.8654854944 99.9653684992 484.346348
591 591.000000 23.0647673892 76.9045437580 99.9693111473 483.610062
592 592.000000 23.1030180911 76.8598941343 99.9629122253 484.412083
593 593.000000 23.1373152040 76.8196290700 99.9569442740 485.131207
594 594.000000 23.0948220123 76.8660551883 99.9608772006 484.240232
595 595.000000 23.0263208195 76.9416759673 99.9679967868 482.803934
596 596.000000 23.0245094951 76.9428102228 99.9673197179 482.765955
597 597.000000 23.0810407931 76.8787524457 99.9597932388 483.951274
598 598.000000 23.0991134047 76.8578635926 99.9569769973 484.330211
599 599.000000 23.0432115312 76.9205289724 99.9637405036 483.158090
600 600.000000 22.9969282033 76.9721569346 99.9690851379 482.187645
601 601.000000 23.0257497014 76.9381325948 99.9638822962 482.791959
602 602.000000 23.0668807592 76.8900292124 99.9569099716 483.654374
603 603.000000 23.0350943142 76.9243191446 99.9594134589 482.987892
604 604.000000 22.9628117221 77.0040797116 99.9668914337 481.472308
605 605.000000 22.9470488970 77.0206659897 99.9677148867 481.141802
606 606.000000 22.9990059540 76.9615844918 99.9605904458 482.231210
607 607.000000 23.0269530466 76.9294158567 99.9563689033 482.817190
608 608.000000 22.9776010751 76.9844857452 99.9620868203 481.782404
609 609.000000 22.9219328875 77.0466529570 99.9685858446 480.615182
610 610.000000 22.9396034887 77.0252148488 99.9648183375 480.985690
611 611.000000 22.9852469135 76.9718948904 99.9571418039 481.942718
612 612.000000 22.9650267961 76.9930646036 99.9580913997 481.518753
613 613.000000 22.8915830652 77.0740421248 99.9656251901 479.978823
614 614.000000 22.8623047156 77.1056115223 99.9679162379 479.364930
615 615.000000 22.9074607875 77.0540149107 99.9614756982 480.311739
616 616.000000 22.9440374785 77.0120041898 99.9560416683 481.078660
617 617.000000 22.9032462070 77.0572285723 99.9604747793 480.223370
618 618.000000 22.8403906090 77.1274387962 99.9678294052 478.905446
619 619.000000 22.8456996166 77.1199709884 99.9656706050 479.016763
620 620.000000 22.8933375647 77.0642878908 99.9576254555 480.015610
621 621.000000 22.8850357395 77.0719252486 99.9569609881 479.841542
622 622.000000 22.8130568810 77.1511846652 99.9642415462 478.332327
623 623.000000 22.7711806464 77.1967305215 99.9679111680 477.454288
624 624.000000 22.8075298353 77.1548763820 99.9624062173 478.216438
625 625.000000 22.8510907271 77.1049076750 99.9559984021 479.129801
626 626.000000 22.8204727800 77.1384949741 99.9589677542 478.487819
627 627.000000 22.7529455536 77.2138969840 99.9668425377 477.071944
628 628.000000 22.7452528332 77.2211387720 99.9663916052 476.910647
629 629.000000 22.7922915730 77.1660425659 99.9583341389 477.896931
630 630.000000 22.7957534058 77.1603107695 99.9560641753 477.969516
631 631.000000 22.7277923987 77.2349954004 99.9627877991 476.544545
632 632.000000 22.6747138889 77.2929799234 99.9676938123 475.431623
633 633.000000 22.7005839169 77.2627536128 99.9633375297 475.974052
634 634.000000 22.7491903179 77.2070394560 99.9562297739 476.993206
635 635.000000 22.7299327605 77.2276903569 99.9576231173 476.589423
636 636.000000 22.6604961230 77.3051659574 99.9656620805 475.133512
637 637.000000 22.6398046754 77.3271345207 99.9669391961 474.699664
638 638.000000 22.6837371160 77.2754931803 99.9592302963 475.620817
639 639.000000 22.6983596710 77.2570740986 99.9554337696 475.927415
640 640.000000 22.6368545378 77.3244597346 99.9613142723 474.637808
641 641.000000 22.5744605745 77.3928053994 99.9672659739 473.329563
642 642.000000 22.5886477208 77.3755781078 99.9642258286 473.627032
643 643.000000 22.6402211980 77.3164942586 99.9567154567 474.708398
644 644.000000 22.6331127389 77.3233777466 99.9564904855 474.559351
645 645.000000 22.5647292347 77.3996046978 99.9643339324 473.125522
646 646.000000 22.5317644652 77.4355148612 99.9672793265 472.434333
647 647.000000 22.5703638805 77.3899037935 99.9602676740 473.243666
648 648.000000 22.5952047387 77.3598876203 99.9550923590 473.764516
649 649.000000 22.5424687483 77.4174043417 99.9598730901 472.658775
650 650.000000 22.4731585746 77.4934789308 99.9666375054 471.205516
651 651.000000 22.4750698551 77.4899600230 99.9650298781 471.245590
652 652.000000 22.5275741045 77.4298514644 99.9574255689 472.346472
653 653.000000 22.5330718885 77.4225380281 99.9556099166 472.461747
654 654.000000 22.4688709859 77.4940400531 99.9629110389 471.115616
655 655.000000 22.4251459537 77.5422419008 99.9673878545 470.198812
656 656.000000 22.4566633421 77.5047299460 99.9613932882 470.859652
657 657.000000 22.4905750085 77.4644759626 99.9550509711 471.570694
658 658.000000 22.4487963853 77.5097197758 99.9585161611 470.694702
659 659.000000 22.3754841196 77.5903416587 99.9658257783 469.157528
660 660.000000 22.3652535066 77.6004585653 99.9657120719 468.943018
661 661.000000 22.4168670483 77.5414546660 99.9583217143 470.025224
662 662.000000 22.4351674158 77.5198424362 99.9550098520 470.408937
663 663.000000 22.3783918838 77.5830583981 99.9614502819 469.218497
664 664.000000 22.3262190846 77.6410320314 99.9672511160 468.124565
665 665.000000 22.3495367737 77.6130122299 99.9625490036 468.613478
666 666.000000 22.3912810081 77.5640263919 99.9553074000 469.488749
667 667.000000 22.3624899528 77.5948023580 99.9572923108 468.885073
668 668.000000 22.2885433951 77.6763107779 99.9648541730 467.334600
669 669.000000 22.2670715391 77.6991670528 99.9662385919 466.884390
670 670.000000 22.3162967307 77.6430608274 99.9593575581 467.916518
671 671.000000 22.3473575385 77.6073473899 99.9547049283 468.567785
672 672.000000 22.3012419881 77.6587665409 99.9600085290 467.600858
673 673.000000 22.2436405725 77.7232247678 99.9668653404 466.393101
674 674.000000 22.2583240323 77.7053488037 99.9636728360 466.700977
675 675.000000 22.3066105540 77.6492339923 99.9558445463 467.713423
676 676.000000 22.2925644160 77.6636795399 99.9562439559 467.418911
677 677.000000 22.2216318417 77.7421181400 99.9637499817 465.931634
678 678.000000 22.1904982764 77.7760808065 99.9665790829 465.278841
679 679.000000 22.2361541876 77.7243251580 99.9604793456 466.236131
680 680.000000 22.2796205960 77.6750736260 99.9546942220 467.147512
681 681.000000 22.2471627370 77.7114758400 99.9586385770 466.466952
682 682.000000 22.1876234348 77.7786120750 99.9662355098 465.218563
683 683.000000 22.1938300078 77.7708705207 99.9647005286 465.348699
684 684.000000 22.2472432625 77.7093862746 99.9566295371 466.468641
685 685.000000 22.2492043928 77.7061997592 99.9554041520 466.509761
686 686.000000 22.1849098707 77.7776326526 99.9625425233 465.161666
687 687.000000 22.1461401335 77.8205665147 99.9667066482 464.348763
688 688.000000 22.1872241696 77.7744029516 99.9616271212 465.210192
689 689.000000 22.2422503910 77.7127103823 99.9549607733 466.363953
690 690.000000 22.2258803983 77.7315056038 99.9573860020 466.020715
691 691.000000 22.1680009069 77.7973736189 99.9653745258 464.807128
692 692.000000 22.1662584852 77.7993096384 99.9655681236 464.770594
693 693.000000 22.2230926123 77.7345218878 99.9576145001 465.962262
694 694.000000 22.2415333472 77.7132615801 99.9547949273 466.348918
695 695.000000 22.1870851795 77.7741771128 99.9612622923 465.207277
696 696.000000 22.1428224419 77.8237764874 99.9665989292 464.279199
697 697.000000 22.1782947636 77.7844425409 99.9627373045 465.022964
698 698.000000 22.2433242011 77.7121488285 99.9554730296 466.386468
699 699.000000 22.2445484959 77.7117391739 99.9562876697 466.412138
700 700.000000 22.1916251436 77.7726781217 99.9643032652 465.302469
701 701.000000 22.1825671955 77.7836486704 99.9662158660 465.112546
702 702.000000 22.2406604859 77.7180788954 99.9587393814 466.330616
703 703.000000 22.2749992493 77.6794280540 99.9544273032 467.050614
704 704.000000 22.2328246268 77.7271167600 99.9599413868 466.166318
705 705.000000 22.1850216295 77.7812187706 99.9662404001 465.164010
706 706.000000 22.2136288772 77.7501177202 99.9637465974 465.763832
707 707.000000 22.2862522940 77.6699357912 99.9561880852 467.286562
708 708.000000 22.3053996532 77.6499722123 99.9553718655 467.688034
709 709.000000 22.2601083059 77.7029430248 99.9630513307 466.738388
710 710.000000 22.2442930499 77.7222998934 99.9665929432 466.406782
711 711.000000 22.3009860381 77.6589502711 99.9599363092 467.595491
712 712.000000 22.3494831755 77.6048193623 99.9543025378 468.612354
713 713.000000 22.3210195937 77.6375950156 99.9586146093 468.015544
714 714.000000 22.2712761585 77.6943489982 99.9656251567 466.972550
715 715.000000 22.2915314643 77.6730649111 99.9645963754 467.397253
716 716.000000 22.3685332208 77.5885225541 99.9570557749 469.011786
717 717.000000 22.4047113234 77.5499478873 99.9546592107 469.770349
718 718.000000 22.3689822875 77.5926753222 99.9616576097 469.021201
719 719.000000 22.3468871334 77.6197747857 99.9666619192 468.557922
720 720.000000 22.3991812508 77.5619531234 99.9611343742 469.654397
721 721.000000 22.4590661148 77.4953474712 99.9544135860 470.910032
722 722.000000 22.4447752381 77.5125449435 99.9573201816 470.610389
723 723.000000 22.3943744038 77.5703847068 99.9647591106 469.553610
724 724.000000 22.4047309875 77.5605054521 99.9652364395 469.770761
725 725.000000 22.4823461351 77.4756763269 99.9580224620 471.398156
726 726.000000 22.5336223308 77.4205410569 99.9541633877 472.473288
727 727.000000 22.5087151634 77.4514545928 99.9601697562 471.951048
728 728.000000 22.4808955930 77.4855062203 99.9664018133 471.367741
729 729.000000 22.5257830433 77.4364807779 99.9622638212 472.308918
730 730.000000 22.5935741813 77.3611718151 99.9547459964 473.730327
731 731.000000 22.5931336535 77.3629656853 99.9560993389 473.721091
732 732.000000 22.5432200309 77.4204408579 99.9636608888 472.674528
733 733.000000 22.5423674381 77.4232600387 99.9656274768 472.656651
734 734.000000 22.6166657596 77.3423681185 99.9590338782 474.214500
735 735.000000 22.6803811390 77.2735100905 99.9538912295 475.550451
736 736.000000 22.6670649878 77.2915773462 99.9586423340 475.271245
737 737.000000 22.6343730698 77.3314363868 99.9658094567 474.585777
738 738.000000 22.6692198664 77.2940394372 99.9632593036 475.316427
739 739.000000 22.7411168653 77.2141612608 99.9552781261 476.823926
740 740.000000 22.7536701380 77.2013246262 99.9549947642 477.087136
741 741.000000 22.7054476422 77.2569137933 99.9623614355 476.076032
742 742.000000 22.6926022732 77.2731399989 99.9657422720 475.806697
743 743.000000 22.7598667413 77.2001702970 99.9600370383 477.217064
744 744.000000 22.8329522404 77.1208900926 99.9538423330 478.749482
745 745.000000 22.8316664173 77.1254675515 99.9571339689 478.722522
746 746.000000 22.7954040509 77.1694953141 99.9648993650 477.962191
747 747.000000 22.8182572545 77.1458051175 99.9640623720 478.441365
748 748.000000 22.8904798936 77.0655011200 99.9559810136 479.955692
749 749.000000 22.9148304972 77.0392177539 99.9540482512 480.466263
750 750.000000 22.8696726452 77.0912300481 99.9609026933 479.519417
751 751.000000 22.8447592455 77.1208068218 99.9655660672 478.997045
752 752.000000 22.9017594732 77.0592220826 99.9609815558 480.192197
753 753.000000 22.9809623797 76.9730461766 99.9540085563 481.852882
754 754.000000 22.9918778459 76.9638261848 99.9557040308 482.081752
755 755.000000 22.9538128591 77.0098896936 99.9637025527 481.283625
756 756.000000 22.9635613490 77.0010621388 99.9646234878 481.488026
757 757.000000 23.0325731797 76.9242451097 99.9568182894 482.935030
758 758.000000 23.0672748741 76.8860231192 99.9532979933 483.662638
759 759.000000 23.0267095239 76.9326262019 99.9593357258 482.812084
760 760.000000 22.9904019509 76.9746944901 99.9650964410 482.050806
761 761.000000 23.0345370719 76.9272835803 99.9618206521 482.976208
762 762.000000 23.1165407960 76.8378328682 99.9543736642 484.695620
763 763.000000 23.1395174653 76.8148917806 99.9544092459 485.177383
764 764.000000 23.1017651734 76.8604994583 99.9622646317 484.385812
765 765.000000 23.0981567121 76.8667470524 99.9649037645 484.310152
766 766.000000 23.1607806107 76.7969657642 99.9577463749 485.623217
767 767.000000 23.2041424813 76.7486332711 99.9527757523 486.532406
768 768.000000 23.1697380494 76.7879804305 99.9577184799 485.811032
769 769.000000 23.1233901809 76.8409527732 99.9643429542 484.839234
770 770.000000 23.1527358353 76.8097762300 99.9625120653 485.454539
771 771.000000 23.2342130579 76.7207002018 99.9549132597 487.162911
772 772.000000 23.2687011624 76.6845993174 99.9533004798 487.886039
773 773.000000 23.2335236950 76.7271197326 99.9606434276 487.148456
774 774.000000 23.2170863869 76.7477901953 99.9648765822 486.803808
775 775.000000 23.2705593071 76.6881558527 99.9587151598 487.925000
776 776.000000 23.3206193818 76.6318846776 99.9525040594 488.974634
777 777.000000 23.2938293169 76.6622839391 99.9561132559 488.412913
778 778.000000 23.2393520563 76.7239746419 99.9633266981 487.270663
779 779.000000 23.2526680236 76.7103510048 99.9630190284 487.549865
780 780.000000 23.3303267663 76.6252683378 99.9555951041 489.178173
781 781.000000 23.3752770016 76.5771428248 99.9524198264 490.120666
782 782.000000 23.3448658816 76.6140403443 99.9589062259 489.483022
783 783.000000 23.3167909394 76.6477382198 99.9645291591 488.894361
784 784.000000 23.3588087697 76.6008605890 99.9596693587 489.775369
785 785.000000 23.4133294020 76.5391641970 99.9524935990 490.918529
786 786.000000 23.3953475092 76.5592363250 99.9545838341 490.541494
787 787.000000 23.3350790882 76.6270006512 99.9620797394 489.277817
788 788.000000 23.3318224561 76.6314889645 99.9633114206 489.209534
789 789.000000 23.4024925263 76.5538873844 99.9563799107 490.691307
790 790.000000 23.4563278184 76.4954702377 99.9517980561 491.820098
791 791.000000 23.4326227444 76.5245038288 99.9571265732 491.323062
792 792.000000 23.3946498853 76.5692141078 99.9638639931 490.526867
793 793.000000 23.4234336349 76.5371171115 99.9605507463 491.130389
794 794.000000 23.4799505225 76.4727904728 99.9527409953 492.315406
795 795.000000 23.4716070275 76.4815851030 99.9531921305 492.140464
796 796.000000 23.4081969794 76.5524472692 99.9606442486 490.810915
797 797.000000 23.3885549734 76.5748120779 99.9633670514 490.399072
798 798.000000 23.4493311056 76.5078915667 99.9572226724 491.673394
799 799.000000 23.5100043483 76.4414481152 99.9514524634 492.945559
800 800.000000 23.4945754378 76.4608049579 99.9553803957 492.622054
801 801.000000 23.4488955443 76.5140042398 99.9628997841 491.664262
802 802.000000 23.4632798470 76.4980215242 99.9613013711 491.965864
803 803.000000 23.5192066796 76.4340207289 99.9532274086 493.138509
804 804.000000 23.5209076178 76.4310867509 99.9519943688 493.174173
805 805.000000 23.4572051509 76.5018658387 99.9590709895 491.838493
806 806.000000 23.4221261795 76.5410466974 99.9631728769 491.102975
807 807.000000 23.4705454004 76.4875291692 99.9580745697 492.118204
808 808.000000 23.5356711438 76.4157141792 99.9513853229 493.483727
809 809.000000 23.5296618048 76.4240795087 99.9537413135 493.357727
810 810.000000 23.4788246172 76.4828466030 99.9616712202 492.291799
811 811.000000 23.4783405376 76.4835270650 99.9618676027 492.281649
812 812.000000 23.5311038361 76.4228147192 99.9539185552 493.387962
813 813.000000 23.5427964105 76.4082407298 99.9510371404 493.633126
814 814.000000 23.4817168102 76.4757001775 99.9574169876 492.352441
815 815.000000 23.4328956675 76.5298302226 99.9627258901 491.328784
816 816.000000 23.4670968083 76.4917886704 99.9588854787 492.045896
817 817.000000 23.5341142213 76.4174692124 99.9515834337 493.451082
818 818.000000 23.5382190237 76.4140565312 99.9522755549 493.537150
819 819.000000 23.4850202431 76.4752068916 99.9602271347 492.421705
820 820.000000 23.4699324152 76.4922720685 99.9622044837 492.105352
821 821.000000 23.5171000485 76.4376666238 99.9547666723 493.094338
822 822.000000 23.5382454928 76.4121086497 99.9503541425 493.537705
823 823.000000 23.4825971812 76.4731454024 99.9557425836 492.370900
824 824.000000 23.4223790994 76.5396543953 99.9620334947 491.108278
825 825.000000 23.4411930864 76.5184138685 99.9596069549 491.502760
826 826.000000 23.5075116163 76.4445076534 99.9520192697 492.893293
827 827.000000 23.5219619287 76.4290755466 99.9510374753 493.196280
828 828.000000 23.4692953633 76.4893317228 99.9586270861 492.091994
829 829.000000 23.4405702498 76.5217092596 99.9622795094 491.489701
830 830.000000 23.4799511408 76.4757631848 99.9557143256 492.315419
831 831.000000 23.5095058165 76.4404585372 99.9499643537 492.935106
832 832.000000 23.4617931618 76.4923152027 99.9541083645 491.934692
833 833.000000 23.3930012308 76.5681120375 99.9611132683 490.492299
834 834.000000 23.3959563537 76.5642389162 99.9601952699 490.554260
835 835.000000 23.4590603704 76.4935933844 99.9526537548 491.877392
836 836.000000 23.4836108297 76.4664558917 99.9500667214 492.392154
837 837.000000 23.4342998845 76.5226371428 99.9569370272 491.358227
838 838.000000 23.3935170902 76.5685578741 99.9620749644 490.503115
839 839.000000 23.4232375153 76.5334616189 99.9566991342 491.126277
840 840.000000 23.4596650457 76.4902067590 99.9498718047 491.890071
841 841.000000 23.4219118488 76.5306605626 99.9525724115 491.098481
842 842.000000 23.3476436054 76.6123484856 99.9599920910 489.541263
843 843.000000 23.3349139873 76.6256998749 99.9606138622 489.274355
844 844.000000 23.3924376361 76.5610023061 99.9534399423 490.480481
845 845.000000 23.4263690769 76.5230182981 99.9493873750 491.191938
846 846.000000 23.3830125835 76.5722123730 99.9552249565 490.282862
847 847.000000 23.3322556366 76.6293328182 99.9615884549 489.218617
848 848.000000 23.3508341945 76.6068239892 99.9576581837 489.608162
849 849.000000 23.3921741219 76.5578923128 99.9500664346 490.474956
850 850.000000 23.3658130504 76.5853749687 99.9511880191 489.922231
851 851.000000 23.2892614957 76.6694432382 99.9587047340 488.317138
852 852.000000 23.2616050080 76.6992297377 99.9608347458 487.737251
853 853.000000 23.3114048731 76.6429216942 99.9543265673 488.781429
854 854.000000 23.3535637698 76.5954448073 99.9490085771 489.665394
855 855.000000 23.3184264824 76.6351306946 99.9535571770 488.928654
856 856.000000 23.2601854730 76.7006464870 99.9608319600 487.707487
857 857.000000 23.2666219202 76.6919094830 99.9585314031 487.842443
858 858.000000 23.3106212247 76.6399041286 99.9505253533 488.764997
859 859.000000 23.2964667300 76.6535350847 99.9500018147 488.468213
860 860.000000 23.2207962513 76.7364958852 99.9572921365 486.881594
861 861.000000 23.1795127735 76.7813261225 99.9608388960 486.015984
862 862.000000 23.2197567097 76.7355040978 99.9552608075 486.859797
863 863.000000 23.2686375854 76.6802882304 99.9489258158 487.884706
864 864.000000 23.2435935952 76.7084017341 99.9519953293 487.359597
865 865.000000 23.1806894579 76.7791406101 99.9598300680 486.040656
866 866.000000 23.1745631613 76.7847007574 99.9592639187 485.912203
867 867.000000 23.2188534579 76.7323606624 99.9512141203 486.840859
868 868.000000 23.2171443475 76.7319077843 99.9490521318 486.805023
869 869.000000 23.1454182420 76.8103813687 99.9557996107 485.301107
870 870.000000 23.0923307888 76.8682852059 99.9606159947 484.187997
871 871.000000 23.1216013442 76.8345888317 99.9561901759 484.801727
872 872.000000 23.1754616898 76.7736605976 99.9491222875 485.931043
873 873.000000 23.1619787339 76.7886152963 99.9505940302 485.648339
874 874.000000 23.0974984438 76.8611194710 99.9586179148 484.296350
875 875.000000 23.0790570839 76.8807506943 99.9598077782 483.909681
876 876.000000 23.1213476998 76.8307403042 99.9520880040 484.796408
877 877.000000 23.1318293802 76.8165381311 99.9483675113 485.016183
878 878.000000 23.0669650882 76.8873099799 99.9542750681 483.656142
879 879.000000 23.0044058136 76.9557581060 99.9601639196 482.344432
880 880.000000 23.0218015484 76.9352622724 99.9570638208 482.709176
881 881.000000 23.0787890271 76.8707810966 99.9495701237 483.904060
882 882.000000 23.0779327840 76.8714660876 99.9493988716 483.886107
883 883.000000 23.0151562091 76.9420827867 99.9572389957 482.569840
884 884.000000 22.9853707252 76.9747526440 99.9601233692 481.945314
885 885.000000 23.0236272272 76.9294661326 99.9530933598 482.747456
886 886.000000 23.0456430431 76.9023222332 99.9479652763 483.209073
887 887.000000 22.9903672175 76.9624000000 99.9527672175 482.050078
888 888.000000 22.9211433297 77.0383448398 99.9594881696 480.598627
889 889.000000 22.9263553580 77.0314781718 99.9578335297 480.707910
890 890.000000 22.9846247696 76.9656067650 99.9502315346 481.929673
891 891.000000 22.9970622778 76.9513823671 99.9484446449 482.190456
892 892.000000 22.9393623524 77.0163804535 99.9557428059 480.980634
893 893.000000 22.8999266465 77.0602539848 99.9601806313 480.153767
894 894.000000 22.9325092340 77.0216600537 99.9541692877 480.836942
895 895.000000 22.9650766627 76.9827735791 99.9478502418 481.519799
896 896.000000 22.9218574798 77.0294661780 99.9513236578 480.613601
897 897.000000 22.8491743392 77.1094269186 99.9586012578 479.089619
898 898.000000 22.8425160485 77.1159385948 99.9584546433 478.950011
899 899.000000 22.9003153280 77.0507447024 99.9510600304 480.161917
900 900.000000 22.9263004189 77.0214534193 99.9477538382 480.706758
901 901.000000 22.8770034135 77.0771788598 99.9541822733 479.673124
902 902.000000 22.8302629857 77.1296970492 99.9599600349 478.693095
903 903.000000 22.8560051752 77.0992445248 99.9552497000 479.232844
904 904.000000 22.8978600161 77.0501537301 99.9480137462 480.110435
905 905.000000 22.8688025195 77.0811863765 99.9499888961 479.501172
906 906.000000 22.7961282203 77.1613938664 99.9575220868 477.977375
907 907.000000 22.7785011951 77.1803858250 99.9588870201 477.607781
908 908.000000 22.8342104352 77.1177914835 99.9520019188 478.775863
909 909.000000 22.8735398644 77.0737957523 99.9473356167 479.600503
910 910.000000 22.8357400228 77.1168710811 99.9526111039 478.807935
911 911.000000 22.7845420124 77.1749113005 99.9594533129 477.734442
912 912.000000 22.8027577661 77.1535081561 99.9562659222 478.116380
913 913.000000 22.8523578482 77.0960754566 99.9484333048 479.156369
914 914.000000 22.8390586074 77.1097438638 99.9488024712 478.877517
915 915.000000 22.7699253753 77.1863500178 99.9562753932 477.427968
916 916.000000 22.7427144826 77.2163817226 99.9590962052 476.857424
917 917.000000 22.7948311437 77.1581671455 99.9529982892 477.950179
918 918.000000 22.8467696225 77.1004159614 99.9471855839 479.039198
919 919.000000 22.8231037088 77.1279776097 99.9510813185 478.542983
920 920.000000 22.7705736401 77.1880903723 99.9586640124 477.441560
921 921.000000 22.7809933478 77.1761565791 99.9571499268 477.660035
922 922.000000 22.8364853785 77.1125878368 99.9490732153 478.823563
923 923.000000 22.8398570669 77.1079404001 99.9477974670 478.894259
924 924.000000 22.7776108712 77.1772805433 99.9548914145 477.589113
925 925.000000 22.7425174028 77.2165375440 99.9590549469 476.853292
926 926.000000 22.7895960982 77.1643915438 99.9539876420 477.840413
927 927.000000 22.8527833699 77.0945032188 99.9472865887 479.165291
928 928.000000 22.8451869149 77.1044543921 99.9496413070 479.006013
929 929.000000 22.7944556797 77.1631522765 99.9576079562 477.942306
930 930.000000 22.7971092843 77.1607289175 99.9578382018 477.997946
931 931.000000 22.8562792923 77.0936070504 99.9498863428 479.238592
932 932.000000 22.8763740263 77.0706256258 99.9469996521 479.659928
933 933.000000 22.8239039567 77.1295019087 99.9534058654 478.559763
934 934.000000 22.7827460585 77.1759990386 99.9587450970 477.696785
935 935.000000 22.8233207302 77.1315884320 99.9549091621 478.547534
936 936.000000 22.8956921093 77.0519185334 99.9476106427 480.064979
937 937.000000 22.9051775955 77.0431569908 99.9483345863 480.263866
938 938.000000 22.8591022074 77.0972113799 99.9563135873 479.297781
939 939.000000 22.8541872736 77.1040887629 99.9582760365 479.194727
940 940.000000 22.9144323246 77.0363847165 99.9508170411 480.457914
941 941.000000 22.9503096387 76.9961176325 99.9464272712 481.210171
942 942.000000 22.9098066566 77.0420534445 99.9518601011 480.360926
943 943.000000 22.8643339552 77.0938257323 99.9581596875 479.407478
944 944.000000 22.8968662439 77.0588401142 99.9557063581 480.089598
945 945.000000 22.9756316290 76.9724900589 99.9481216879 481.741110
946 946.000000 23.0021409166 76.9450582419 99.9471991585 482.296943
947 947.000000 22.9630749639 76.9917469777 99.9548219417 481.477828
948 948.000000 22.9508587412 77.0075629681 99.9584217094 481.221685
949 949.000000 23.0092252415 76.9425795787 99.9518048202 482.445483
950 950.000000 23.0589160434 76.8871751735 99.9460912169 483.487374
951 951.000000 23.0317158017 76.9185852680 99.9503010697 482.917053
952 952.000000 22.9834889179 76.9738157807 99.9573046987 481.905857
953 953.000000 23.0063876987 76.9499428102 99.9563305090 482.385987
954 954.000000 23.0881117365 76.8606669087 99.9487786453 484.099534
955 955.000000 23.1304896653 76.8157774183 99.9462670836 484.988092
956 956.000000 23.1001531338 76.8530326659 99.9531857997 484.352012
957 957.000000 23.0809499308 76.8772999234 99.9582498542 483.949369
958 958.000000 23.1342718366 76.8185162730 99.9527881096 485.067395
959 959.000000 23.1948742754 76.7511208389 99.9459951143 486.338076
960 960.000000 23.1814221464 76.7673583723 99.9487805187 486.056018
961 961.000000 23.1317897367 76.8244101800 99.9561999167 485.015352
962 962.000000 23.1435261848 76.8132170842 99.9567432691 485.261435
963 963.000000 23.2243282805 76.7252097924 99.9495380729 486.955652
964 964.000000 23.2804372209 76.6651265771 99.9455637979 488.132115
965 965.000000 23.2599073386 76.6915602582 99.9514675969 487.701655
966 966.000000 23.2341439955 76.7236093375 99.9577533330 487.161463
967 967.000000 23.2792825303 76.6744249540 99.9537074843 488.107904
968 968.000000 23.3471910738 76.5989438524 99.9461349262 489.531775
969 969.000000 23.3471325598 76.6002204910 99.9473530509 489.530548
970 970.000000 23.2973035506 76.6575748860 99.9548784366 488.485759
971 971.000000 23.2966102738 76.6603077081 99.9569179819 488.471223
972 972.000000 23.3724658179 76.5778901488 99.9503559667 490.061723
973 973.000000 23.4394221039 76.5056848116 99.9451069155 491.465627
974 974.000000 23.4292287483 76.5205072222 99.9497359705 491.251898
975 975.000000 23.3975747857 76.5593684981 99.9569432838 490.588195
976 976.000000 23.4317245189 76.5227834891 99.9545080079 491.304228
977 977.000000 23.5029558402 76.4435421600 99.9464980002 492.797770
978 978.000000 23.5153195504 76.4307534539 99.9460730044 493.057006
979 979.000000 23.4664946999 76.4868900519 99.9533847518 492.033271
980 980.000000 23.4526056874 76.5042339661 99.9568396535 491.742054
981 981.000000 23.5196991947 76.4314894384 99.9511886331 493.148836
982 982.000000 23.5941824841 76.3507221247 99.9449046088 494.710563
983 983.000000 23.5944644306 76.3535968100 99.9480612406 494.716474
984 984.000000 23.5579804480 76.3978670165 99.9558474645 493.951497
985 985.000000 23.5789856349 76.3761551024 99.9551407372 494.391923
986 986.000000 23.6495447740 76.2975170843 99.9470618583 495.871370
987 987.000000 23.6729681327 76.2720224005 99.9449905331 496.362499
988 988.000000 23.6264821676 76.3252895973 99.9517717648 495.387806
989 989.000000 23.5993607090 76.3571432160 99.9565039250 494.819137
990 990.000000 23.6544344712 76.2975584591 99.9519929303 495.973895
991 991.000000 23.7330157600 76.2119382125 99.9449539726 497.621547
992 992.000000 23.7436916929 76.2028187494 99.9465104423 497.845394
993 993.000000 23.7039519788 76.2505553853 99.9545073641 497.012152
994 994.000000 23.7105822063 76.2449814952 99.9555637014 497.151172
995 995.000000 23.7768182993 76.1709749471 99.9477932464 498.539976
996 996.000000 23.8097743812 76.1343731237 99.9441475049 499.230982
997 997.000000 23.7672117056 76.1828855505 99.9500972560 498.338549
998 998.000000 23.7277277394 76.2281878198 99.9559155592 497.510670
999 999.000000 23.7683854415 76.1843408854 99.9527263268 498.363160
1000 1000.000000 23.8478358182 76.0974040334 99.9452398516 500.029034
